This is TeX, Version 3.14159 (C version 6.1) (format=latex 98.7.27)  10 JAN 2000 16:46
**poster.tex
(poster.tex
LaTeX2e <1996/12/01> patch level 1
Babel <v3.6h> and hyphenation patterns for american, german, loaded.
(a0poster.cls
Document Class: a0poster 1997/05/07 v1.21b a0poster class (GK, MW)
(/usr/local/teTeX/texmf/tex/latex/base/article.cls
Document Class: article 1996/10/31 v1.3u Standard LaTeX document class
(/usr/local/teTeX/texmf/tex/latex/base/size10.clo
File: size10.clo 1996/10/31 v1.3u Standard LaTeX file (size option)
)
\c@part=\count79
\c@section=\count80
\c@subsection=\count81
\c@subsubsection=\count82
\c@paragraph=\count83
\c@subparagraph=\count84
\c@figure=\count85
\c@table=\count86
\abovecaptionskip=\skip41
\belowcaptionskip=\skip42
\bibindent=\dimen102
)
\xkoord=\count87
\ykoord=\count88
\xscale=\count89
\yscale=\count90
\Ausgabe=\write3
 (a0size.sty
File: a0size.sty 1997/05/06 v1.21b a0poster class (GK, MW)
LaTeX Font Info:    Redeclaring symbol font `largesymbols' on input line 218.
LaTeX Font Info:    Overwriting symbol font `largesymbols' in version `normal'
(Font)                  OMX/cmex/m/n --> OMX/cmex/m/n on input line 218.
LaTeX Font Info:    Overwriting symbol font `largesymbols' in version `bold'
(Font)                  OMX/cmex/m/n --> OMX/cmex/m/n on input line 218.
\big@size=\dimen103
))
(/usr/local/teTeX/texmf/tex/latex/psnfss/palatino.sty
Package: palatino 1995/08/16 5.2 Palatino PSNFSS2e package
)
(/usr/local/teTeX/texmf/tex/latex/graphics/epsfig.sty
Package: epsfig 1996/10/04 v1.7 (e)psfig emulation (SPQR)

(/usr/local/teTeX/texmf/tex/latex/graphics/graphicx.sty
Package: graphicx 1996/10/31 v1.0c Enhanced LaTeX Graphics (DPC,SPQR)

(/usr/local/teTeX/texmf/tex/latex/graphics/keyval.sty
Package: keyval 1995/09/21 v1.09 key=value parser (DPC)
)
(/usr/local/teTeX/texmf/tex/latex/graphics/graphics.sty
Package: graphics 1996/10/31 v1.0c Standard LaTeX Graphics (DPC,SPQR)

(/usr/local/teTeX/texmf/tex/latex/graphics/trig.sty
Package: trig 1994/10/16 v1.08 sin cos tan (DPC)
)
(/usr/local/teTeX/texmf/tex/latex/config/graphics.cfg)
Package graphics Info: Driver file: dvips.def on input line 82.

(/usr/local/teTeX/texmf/tex/latex/graphics/dvips.def
File: dvips.def 1996/12/12 v3.0d Driver-dependant file (DPC,SPQR)
))
\Gin@req@height=\dimen104
\Gin@req@width=\dimen105
)
\epsfxsize=\dimen106
\epsfysize=\dimen107
)
(/usr/local/teTeX/texmf/tex/latex/base/alltt.sty
Package: alltt 1995/07/24 v2.0f defines alltt environment
)
\colwidth=\skip43
\c@elist=\count91
 (poster.aux)
LaTeX Font Info:    Checking defaults for OML/cmm/m/it on input line 66.
LaTeX Font Info:    ... okay on input line 66.
LaTeX Font Info:    Checking defaults for T1/cmr/m/n on input line 66.
LaTeX Font Info:    ... okay on input line 66.
LaTeX Font Info:    Checking defaults for OT1/cmr/m/n on input line 66.
LaTeX Font Info:    ... okay on input line 66.
LaTeX Font Info:    Checking defaults for OMS/cmsy/m/n on input line 66.
LaTeX Font Info:    ... okay on input line 66.
LaTeX Font Info:    Checking defaults for OMX/cmex/m/n on input line 66.
LaTeX Font Info:    ... okay on input line 66.
LaTeX Font Info:    Checking defaults for U/cmr/m/n on input line 66.
LaTeX Font Info:    ... okay on input line 66.
LaTeX Font Info:    Try loading font information for OT1+ppl on input line 66.

(/usr/local/teTeX/texmf/tex/latex/psnfss/ot1ppl.fd
File: OT1ppl.fd 1996/01/28 Fontinst v1.504 font definitions for OT1/ppl.
)
Overfull \hbox (5.185pt too wide) in paragraph at lines 69--70
[][] 
 []

LaTeX Font Info:    Font shape `OT1/ppl/bx/n' in size <61.92> not available
(Font)              Font shape `OT1/ppl/b/n' tried instead on input line 72.
LaTeX Font Info:    Try loading font information for OT1+pcr on input line 75.
(/usr/local/teTeX/texmf/tex/latex/psnfss/ot1pcr.fd
File: OT1pcr.fd 1996/01/28 Fontinst v1.504 font definitions for OT1/pcr.
)
LaTeX Font Info:    Try loading font information for OMS+pcr on input line 75.

(/usr/local/teTeX/texmf/tex/latex/psnfss/omspcr.fd
File: OMSpcr.fd 
)
LaTeX Font Info:    Font shape `OMS/pcr/m/n' in size <43> not available
(Font)              Font shape `OMS/cmsy/m/n' tried instead on input line 75.
LaTeX Font Info:    External font `cmex7' loaded for size
(Font)              <6> on input line 107.
File: unnamed.eps Graphic file (type eps)
 <unnamed.eps>
File: unnamed.eps Graphic file (type eps)

<unnamed.eps>
File: unnamed.eps Graphic file (type eps)
 <unnamed.eps>
File: unnamed.eps Graphic file (type eps)
 <unnamed.eps>
File: unnamed.eps Graphic file (type eps)
 <unnamed.eps>
File: unnamed.eps Graphic file (type eps)
 <unnamed.eps>
File: unnamed.eps Graphic file (type eps)

<unnamed.eps>
File: unnamed.eps Graphic file (type eps)
 <unnamed.eps>
File: unnamed.eps Graphic file (type eps)
 <unnamed.eps>
File: unnamed.eps Graphic file (type eps)
 <unnamed.eps>
File: unnamed.eps Graphic file (type eps)
 <unnamed.eps>
File: unnamed.eps Graphic file (type eps)

<unnamed.eps>
File: unnamed.eps Graphic file (type eps)
 <unnamed.eps>
File: unnamed.eps Graphic file (type eps)
 <unnamed.eps>
File: unnamed.eps Graphic file (type eps)
 <unnamed.eps>
File: unnamed.eps Graphic file (type eps)
 <unnamed.eps>
File: unnamed.eps Graphic file (type eps)

<unnamed.eps>
File: unnamed.eps Graphic file (type eps)
 <unnamed.eps>
File: unnamed.eps Graphic file (type eps)
 <unnamed.eps>
File: unnamed.eps Graphic file (type eps)
 <unnamed.eps>
File: unnamed.eps Graphic file (type eps)
 <unnamed.eps>
File: unnamed.eps Graphic file (type eps)

<unnamed.eps>
File: unnamed.eps Graphic file (type eps)
 <unnamed.eps>
File: unnamed.eps Graphic file (type eps)
 <unnamed.eps>
LaTeX Font Info:    Font shape `OT1/ppl/bx/n' in size <35.83> not available
(Font)              Font shape `OT1/ppl/b/n' tried instead on input line 162.
LaTeX Font Info:    Try loading font information for OMS+ppl on input line 162.


(/usr/local/teTeX/texmf/tex/latex/psnfss/omsppl.fd
File: OMSppl.fd 
)
LaTeX Font Info:    Font shape `OMS/ppl/m/n' in size <29.86> not available
(Font)              Font shape `OMS/cmsy/m/n' tried instead on input line 162.
LaTeX Font Info:    Font shape `OT1/ppl/bx/n' in size <29.86> not available
(Font)              Font shape `OT1/ppl/b/n' tried instead on input line 162.
File: unnamed.eps Graphic file (type eps)
 <unnamed.eps>
File: unnamed.eps Graphic file (type eps)

<unnamed.eps>
File: unnamed.eps Graphic file (type eps)
 <unnamed.eps>
File: unnamed.eps Graphic file (type eps)
 <unnamed.eps>
File: unnamed.eps Graphic file (type eps)
 <unnamed.eps>
File: unnamed.eps Graphic file (type eps)
 <unnamed.eps>
File: unnamed.eps Graphic file (type eps)

<unnamed.eps>
File: unnamed.eps Graphic file (type eps)
 <unnamed.eps>
File: unnamed.eps Graphic file (type eps)
 <unnamed.eps>
File: unnamed.eps Graphic file (type eps)
 <unnamed.eps>
File: unnamed.eps Graphic file (type eps)
 <unnamed.eps>
File: unnamed.eps Graphic file (type eps)

<unnamed.eps>
File: unnamed.eps Graphic file (type eps)
 <unnamed.eps>
File: unnamed.eps Graphic file (type eps)
 <unnamed.eps>
File: unnamed.eps Graphic file (type eps)
 <unnamed.eps>
File: unnamed.eps Graphic file (type eps)
 <unnamed.eps>
File: unnamed.eps Graphic file (type eps)

<unnamed.eps>
File: unnamed.eps Graphic file (type eps)
 <unnamed.eps>
\lskip=\skip44
File: unnamed.eps Graphic file (type eps)
 <unnamed.eps>
File: unnamed.eps Graphic file (type eps)
 <unnamed.eps>
File: unnamed.eps Graphic file (type eps)
 <unnamed.eps>
File: unnamed.eps Graphic file (type eps)

<unnamed.eps>
File: unnamed.eps Graphic file (type eps)
 <unnamed.eps>
File: unnamed.eps Graphic file (type eps)
 <unnamed.eps>
File: unnamed.eps Graphic file (type eps)
 <unnamed.eps>
File: unnamed.eps Graphic file (type eps)
 <unnamed.eps>
File: unnamed.eps Graphic file (type eps)

<unnamed.eps>
LaTeX Font Info:    Font shape `OT1/ppl/bx/n' in size <20.74> not available
(Font)              Font shape `OT1/ppl/b/n' tried instead on input line 360.
 [1

] (poster.aux) ) 
Here is how much of TeX's memory you used:
 1072 strings out of 10906
 13353 string characters out of 72082
 66486 words of memory out of 262141
 3728 multiletter control sequences out of 9500
 22612 words of font info for 78 fonts, out of 150000 for 255
 14 hyphenation exceptions out of 607
 32i,11n,22p,277b,418s stack positions out of 300i,40n,60p,3000b,4000s

Output written on poster.dvi (1 page, 14380 bytes).
